-------------------------------------------------------------------------------
Test set: com.xray.XRayDemoApplicationTests
-------------------------------------------------------------------------------
Tests run: 1, Failures: 0, Errors: 1, Skipped: 0, Time elapsed: 2.127 s <<< FAILURE! - in com.xray.XRayDemoApplicationTests
contextLoads  Time elapsed: 0.001 s  <<< ERROR!
java.lang.IllegalStateException: Failed to load ApplicationContext
Caused by: org.springframework.beans.factory.BeanCreationException: Error creating bean with name 'entityManagerFactory' defined in class path resource [org/springframework/boot/autoconfigure/orm/jpa/HibernateJpaConfiguration.class]: Invocation of init method failed; nested exception is javax.persistence.PersistenceException: [PersistenceUnit: default] Unable to build Hibernate SessionFactory; nested exception is com.amazonaws.xray.exceptions.SegmentNotFoundException: Failed to begin subsegment named 'mysql@localhost': segment cannot be found.
Caused by: javax.persistence.PersistenceException: [PersistenceUnit: default] Unable to build Hibernate SessionFactory; nested exception is com.amazonaws.xray.exceptions.SegmentNotFoundException: Failed to begin subsegment named 'mysql@localhost': segment cannot be found.
Caused by: com.amazonaws.xray.exceptions.SegmentNotFoundException: Failed to begin subsegment named 'mysql@localhost': segment cannot be found.

